2014-07-04 20:20:57.524 AKT[2144:70b] Multi-tasking -> Device: YES, App: YES
2014-07-04 20:20:57.557 AKT[2144:70b] Unlimited access to network resources
2014-07-04 20:20:57.562 AKT[2144:70b] 

Started backup to iCloud! Please be careful.
Your application might rejected by Apple if you store too much data.
For more information please read "iOS Data Storage Guidelines"
You could find it at the following address https://developer.apple.com/icloud/documentation/data-storage/ .

2014-07-04 20:20:57.931 AKT[2144:70b] Resetting plugins due to page load.
2014-07-04 20:20:58.119 AKT[2144:70b] Finished load of: file:///Users/stefan/Library/Application%20Support/iPhone%20Simulator/7.1/Applications/2B6EC01D-F7BE-4134-AFE3-C9C6D70D91DD/AKT.app/www/index.html
2014-07-04 20:27:24.030 AKT[2344:70b] Multi-tasking -> Device: YES, App: YES
2014-07-04 20:27:24.036 AKT[2344:70b] Unlimited access to network resources
2014-07-04 20:27:24.039 AKT[2344:70b] 

Started backup to iCloud! Please be careful.
Your application might rejected by Apple if you store too much data.
For more information please read "iOS Data Storage Guidelines"
You could find it at the following address https://developer.apple.com/icloud/documentation/data-storage/ .

2014-07-04 20:27:24.099 AKT[2344:70b] Resetting plugins due to page load.
2014-07-04 20:27:24.185 AKT[2344:70b] Finished load of: file:///Users/stefan/Library/Application%20Support/iPhone%20Simulator/7.1/Applications/2B6EC01D-F7BE-4134-AFE3-C9C6D70D91DD/AKT.app/www/index.html
2014-07-04 20:27:59.950 AKT[2467:70b] Multi-tasking -> Device: YES, App: YES
2014-07-04 20:27:59.961 AKT[2467:70b] Unlimited access to network resources
2014-07-04 20:27:59.965 AKT[2467:70b] 

Started backup to iCloud! Please be careful.
Your application might rejected by Apple if you store too much data.
For more information please read "iOS Data Storage Guidelines"
You could find it at the following address https://developer.apple.com/icloud/documentation/data-storage/ .

2014-07-04 20:28:00.094 AKT[2467:70b] Resetting plugins due to page load.
2014-07-04 20:28:00.202 AKT[2467:70b] Finished load of: file:///Users/stefan/Library/Application%20Support/iPhone%20Simulator/7.1/Applications/2B6EC01D-F7BE-4134-AFE3-C9C6D70D91DD/AKT.app/www/index.html
2014-07-04 20:33:33.733 AKT[2634:70b] Multi-tasking -> Device: YES, App: YES
2014-07-04 20:33:33.744 AKT[2634:70b] Unlimited access to network resources
2014-07-04 20:33:33.748 AKT[2634:70b] 

Started backup to iCloud! Please be careful.
Your application might rejected by Apple if you store too much data.
For more information please read "iOS Data Storage Guidelines"
You could find it at the following address https://developer.apple.com/icloud/documentation/data-storage/ .

2014-07-04 20:33:33.825 AKT[2634:70b] Resetting plugins due to page load.
2014-07-04 20:33:33.899 AKT[2634:70b] Finished load of: file:///Users/stefan/Library/Application%20Support/iPhone%20Simulator/7.1/Applications/2B6EC01D-F7BE-4134-AFE3-C9C6D70D91DD/AKT.app/www/index.html
